<?xml version="1.0" encoding="UTF-8"?>
<testsuite xmlns:xsi="http://www.w3.org/2001/XMLSchema-instance" xsi:noNamespaceSchemaLocation="https://maven.apache.org/surefire/maven-surefire-plugin/xsd/surefire-test-report-3.0.xsd" version="3.0" name="com.zorlu.cloud.sdk.abap.HelloWorldServletTest" time="6.972" tests="1" errors="0" skipped="0" failures="0">
  <properties>
[...]
</properties>
  <testcase name="testService" classname="com.zorlu.cloud.sdk.abap.HelloWorldServletTest" time="1.896">
    <system-err><![CDATA[java.lang.IllegalStateException: Unable to initialize agent
	at org.apache.openejb.javaagent.Agent.checkInitialization(Agent.java:104)
	at org.apache.openejb.javaagent.Agent.getInstrumentation(Agent.java:94)
	at org.apache.tomee.embedded.Container.<clinit>(Container.java:128)
	at org.apache.openejb.arquillian.embedded.EmbeddedTomEEContainer.setup(EmbeddedTomEEContainer.java:72)
	at org.apache.openejb.arquillian.embedded.EmbeddedTomEEContainer.setup(EmbeddedTomEEContainer.java:52)
	at org.jboss.arquillian.container.impl.ContainerImpl.setup(ContainerImpl.java:165)
	at org.jboss.arquillian.container.impl.client.container.ContainerLifecycleController$7.perform(ContainerLifecycleController.java:127)
	at org.jboss.arquillian.container.impl.client.container.ContainerLifecycleController$7.perform(ContainerLifecycleController.java:124)
	at org.jboss.arquillian.container.impl.client.container.ContainerLifecycleController.forContainer(ContainerLifecycleController.java:208)
	at org.jboss.arquillian.container.impl.client.container.ContainerLifecycleController.setupContainer(ContainerLifecycleController.java:124)
	at java.base/jdk.internal.reflect.NativeMethodAccessorImpl.invoke0(Native Method)
	at java.base/jdk.internal.reflect.NativeMethodAccessorImpl.invoke(NativeMethodAccessorImpl.java:62)
	at java.base/jdk.internal.reflect.DelegatingMethodAccessorImpl.invoke(DelegatingMethodAccessorImpl.java:43)
	at java.base/java.lang.reflect.Method.invoke(Method.java:566)
	at org.jboss.arquillian.core.impl.ObserverImpl.invoke(ObserverImpl.java:86)
	at org.jboss.arquillian.core.impl.EventContextImpl.invokeObservers(EventContextImpl.java:103)
	at org.jboss.arquillian.core.impl.EventContextImpl.proceed(EventContextImpl.java:90)
	at org.jboss.arquillian.container.impl.client.ContainerDeploymentContextHandler.createContainerContext(ContainerDeploymentContextHandler.java:54)
	at java.base/jdk.internal.reflect.NativeMethodAccessorImpl.invoke0(Native Method)
	at java.base/jdk.internal.reflect.NativeMethodAccessorImpl.invoke(NativeMethodAccessorImpl.java:62)
	at java.base/jdk.internal.reflect.DelegatingMethodAccessorImpl.invoke(DelegatingMethodAccessorImpl.java:43)
	at java.base/java.lang.reflect.Method.invoke(Method.java:566)
	at org.jboss.arquillian.core.impl.ObserverImpl.invoke(ObserverImpl.java:86)
	at org.jboss.arquillian.core.impl.EventContextImpl.proceed(EventContextImpl.java:95)
	at org.jboss.arquillian.core.impl.ManagerImpl.fire(ManagerImpl.java:133)
	at org.jboss.arquillian.core.impl.ManagerImpl.fire(ManagerImpl.java:105)
	at org.jboss.arquillian.core.impl.EventImpl.fire(EventImpl.java:62)
	at org.jboss.arquillian.container.impl.client.container.ContainerLifecycleController$1.perform(ContainerLifecycleController.java:58)
	at org.jboss.arquillian.container.impl.client.container.ContainerLifecycleController$1.perform(ContainerLifecycleController.java:52)
	at org.jboss.arquillian.container.impl.client.container.ContainerLifecycleController.forEachContainer(ContainerLifecycleController.java:172)
	at org.jboss.arquillian.container.impl.client.container.ContainerLifecycleController.setupContainers(ContainerLifecycleController.java:52)
	at java.base/jdk.internal.reflect.NativeMethodAccessorImpl.invoke0(Native Method)
	at java.base/jdk.internal.reflect.NativeMethodAccessorImpl.invoke(NativeMethodAccessorImpl.java:62)
	at java.base/jdk.internal.reflect.DelegatingMethodAccessorImpl.invoke(DelegatingMethodAccessorImpl.java:43)
	at java.base/java.lang.reflect.Method.invoke(Method.java:566)
	at org.jboss.arquillian.core.impl.ObserverImpl.invoke(ObserverImpl.java:86)
	at org.jboss.arquillian.core.impl.EventContextImpl.invokeObservers(EventContextImpl.java:103)
	at org.jboss.arquillian.core.impl.EventContextImpl.proceed(EventContextImpl.java:90)
	at org.jboss.arquillian.core.impl.ManagerImpl.fire(ManagerImpl.java:133)
	at org.jboss.arquillian.core.impl.ManagerImpl.fire(ManagerImpl.java:105)
	at org.jboss.arquillian.core.impl.EventImpl.fire(EventImpl.java:62)
	at org.jboss.arquillian.container.test.impl.client.ContainerEventController.execute(ContainerEventController.java:82)
	at java.base/jdk.internal.reflect.NativeMethodAccessorImpl.invoke0(Native Method)
	at java.base/jdk.internal.reflect.NativeMethodAccessorImpl.invoke(NativeMethodAccessorImpl.java:62)
	at java.base/jdk.internal.reflect.DelegatingMethodAccessorImpl.invoke(DelegatingMethodAccessorImpl.java:43)
	at java.base/java.lang.reflect.Method.invoke(Method.java:566)
	at org.jboss.arquillian.core.impl.ObserverImpl.invoke(ObserverImpl.java:86)
	at org.jboss.arquillian.core.impl.EventContextImpl.invokeObservers(EventContextImpl.java:103)
	at org.jboss.arquillian.core.impl.EventContextImpl.proceed(EventContextImpl.java:90)
	at org.jboss.arquillian.test.impl.TestContextHandler.createSuiteContext(TestContextHandler.java:69)
	at java.base/jdk.internal.reflect.NativeMethodAccessorImpl.invoke0(Native Method)
	at java.base/jdk.internal.reflect.NativeMethodAccessorImpl.invoke(NativeMethodAccessorImpl.java:62)
	at java.base/jdk.internal.reflect.DelegatingMethodAccessorImpl.invoke(DelegatingMethodAccessorImpl.java:43)
	at java.base/java.lang.reflect.Method.invoke(Method.java:566)
	at org.jboss.arquillian.core.impl.ObserverImpl.invoke(ObserverImpl.java:86)
	at org.jboss.arquillian.core.impl.EventContextImpl.proceed(EventContextImpl.java:95)
	at org.jboss.arquillian.core.impl.ManagerImpl.fire(ManagerImpl.java:133)
	at org.jboss.arquillian.core.impl.ManagerImpl.fire(ManagerImpl.java:105)
	at org.jboss.arquillian.test.impl.EventTestRunnerAdaptor.beforeSuite(EventTestRunnerAdaptor.java:71)
	at org.jboss.arquillian.junit.AdaptorManager.initializeAdaptor(AdaptorManager.java:23)
	at org.jboss.arquillian.junit.AdaptorManagerWithNotifier.initializeAdaptor(AdaptorManagerWithNotifier.java:19)
	at org.jboss.arquillian.junit.Arquillian.run(Arquillian.java:109)
	at org.apache.maven.surefire.junit4.JUnit4Provider.execute(JUnit4Provider.java:364)
	at org.apache.maven.surefire.junit4.JUnit4Provider.executeWithRerun(JUnit4Provider.java:272)
	at org.apache.maven.surefire.junit4.JUnit4Provider.executeTestSet(JUnit4Provider.java:237)
	at org.apache.maven.surefire.junit4.JUnit4Provider.invoke(JUnit4Provider.java:158)
	at org.apache.maven.surefire.booter.ForkedBooter.runSuitesInProcess(ForkedBooter.java:428)
	at org.apache.maven.surefire.booter.ForkedBooter.execute(ForkedBooter.java:162)
	at org.apache.maven.surefire.booter.ForkedBooter.run(ForkedBooter.java:562)
	at org.apache.maven.surefire.booter.ForkedBooter.main(ForkedBooter.java:548)
Caused by: java.lang.reflect.InvocationTargetException
	at java.base/jdk.internal.reflect.NativeMethodAccessorImpl.invoke0(Native Method)
	at java.base/jdk.internal.reflect.NativeMethodAccessorImpl.invoke(NativeMethodAccessorImpl.java:62)
	at java.base/jdk.internal.reflect.DelegatingMethodAccessorImpl.invoke(DelegatingMethodAccessorImpl.java:43)
	at java.base/java.lang.reflect.Method.invoke(Method.java:566)
	at org.apache.openejb.javaagent.Agent.dynamicLoadAgent(Agent.java:151)
	at org.apache.openejb.javaagent.Agent.checkInitialization(Agent.java:102)
	... 69 more
Caused by: java.io.IOException: Can not attach to current VM
	at jdk.attach/sun.tools.attach.HotSpotVirtualMachine.<init>(HotSpotVirtualMachine.java:75)
	at jdk.attach/sun.tools.attach.VirtualMachineImpl.<init>(VirtualMachineImpl.java:57)
	at jdk.attach/sun.tools.attach.AttachProviderImpl.attachVirtualMachine(AttachProviderImpl.java:58)
	at jdk.attach/com.sun.tools.attach.VirtualMachine.attach(VirtualMachine.java:207)
	... 75 more
Sep 02, 2021 6:09:50 PM org.apache.tomee.embedded.Container start
INFO: Starting TomEE from: /home/serkanaksut/git/abapbuildcld/integration-tests/target/surefire-fork/1/arquillian-tomee
Sep 02, 2021 6:09:50 PM org.apache.coyote.AbstractProtocol init
INFO: Initializing ProtocolHandler ["http-nio-41083"]
Sep 02, 2021 6:09:50 PM org.apache.tomcat.util.net.NioSelectorPool getSharedSelector
INFO: Using a shared selector for servlet write/read
Sep 02, 2021 6:09:50 PM org.apache.catalina.core.StandardService startInternal
INFO: Starting service [Tomcat]
Sep 02, 2021 6:09:50 PM org.apache.catalina.core.StandardEngine startInternal
INFO: Starting Servlet Engine: Apache Tomcat/8.5.50
Sep 02, 2021 6:09:50 PM org.apache.coyote.AbstractProtocol start
INFO: Starting ProtocolHandler ["http-nio-41083"]
Sep 02, 2021 6:09:50 PM org.apache.openejb.util.OptionsLog info
INFO: Using 'openejb.jdbc.datasource-creator=org.apache.tomee.jdbc.TomEEDataSourceCreator'
Sep 02, 2021 6:09:50 PM org.apache.openejb.OpenEJB$Instance <init>
INFO: ********************************************************************************
Sep 02, 2021 6:09:50 PM org.apache.openejb.OpenEJB$Instance <init>
INFO: OpenEJB http://tomee.apache.org/
Sep 02, 2021 6:09:50 PM org.apache.openejb.OpenEJB$Instance <init>
INFO: Startup: Thu Sep 02 18:09:50 TRT 2021
Sep 02, 2021 6:09:50 PM org.apache.openejb.OpenEJB$Instance <init>
INFO: Copyright 1999-2018 (C) Apache OpenEJB Project, All Rights Reserved.
Sep 02, 2021 6:09:50 PM org.apache.openejb.OpenEJB$Instance <init>
INFO: Version: 7.0.7
Sep 02, 2021 6:09:50 PM org.apache.openejb.OpenEJB$Instance <init>
INFO: Build date: 20200107
Sep 02, 2021 6:09:50 PM org.apache.openejb.OpenEJB$Instance <init>
INFO: Build time: 01:11
Sep 02, 2021 6:09:50 PM org.apache.openejb.OpenEJB$Instance <init>
INFO: ********************************************************************************
Sep 02, 2021 6:09:50 PM org.apache.openejb.OpenEJB$Instance <init>
INFO: openejb.home = /home/serkanaksut/git/abapbuildcld/integration-tests/target/surefire-fork/1/arquillian-tomee
Sep 02, 2021 6:09:50 PM org.apache.openejb.OpenEJB$Instance <init>
INFO: openejb.base = /home/serkanaksut/git/abapbuildcld/integration-tests/target/surefire-fork/1/arquillian-tomee
Sep 02, 2021 6:09:50 PM org.apache.openejb.cdi.CdiBuilder initializeOWB
INFO: Created new singletonService org.apache.openejb.cdi.ThreadSingletonServiceImpl@4c1d59cd
Sep 02, 2021 6:09:50 PM org.apache.openejb.cdi.CdiBuilder initializeOWB
INFO: Succeeded in installing singleton service
Sep 02, 2021 6:09:50 PM org.apache.openejb.config.ConfigurationFactory init
INFO: TomEE configuration file is '/home/serkanaksut/git/abapbuildcld/integration-tests/target/surefire-fork/1/arquillian-tomee/conf/openejb.xml'
Sep 02, 2021 6:09:51 PM org.apache.openejb.config.ConfigurationFactory configureService
INFO: Configuring Service(id=Tomcat Security Service, type=SecurityService, provider-id=Tomcat Security Service)
Sep 02, 2021 6:09:51 PM org.apache.openejb.config.ConfigurationFactory configureService
INFO: Configuring Service(id=Default Transaction Manager, type=TransactionManager, provider-id=Default Transaction Manager)
Sep 02, 2021 6:09:51 PM org.apache.openejb.util.OptionsLog info
INFO: Using 'openejb.system.apps=false'
Sep 02, 2021 6:09:51 PM org.apache.openejb.util.OptionsLog info
INFO: Using 'openejb.deployments.classpath=false'
Sep 02, 2021 6:09:51 PM org.apache.openejb.assembler.classic.Assembler createRecipe
INFO: Creating TransactionManager(id=Default Transaction Manager)
Sep 02, 2021 6:09:51 PM org.apache.openejb.assembler.classic.Assembler createRecipe
INFO: Creating SecurityService(id=Tomcat Security Service)
Sep 02, 2021 6:09:51 PM org.apache.openejb.util.OptionsLog info
INFO: Using 'openejb.servicemanager.enabled=false'
[main] INFO org.apache.cxf.management.jmx.InstrumentationManagerImpl - registering MBean org.apache.cxf:bus.id=openejb.cxf.bus,type=Bus,instance.id=1466148437: org.apache.cxf.bus.ManagedBus@40c8067
[main] INFO org.apache.cxf.management.jmx.InstrumentationManagerImpl - registering MBean org.apache.cxf:bus.id=openejb.cxf.bus,type=Bus,instance.id=1466148437: javax.management.modelmbean.RequiredModelMBean@67c6f4d8
[main] INFO org.apache.cxf.management.jmx.InstrumentationManagerImpl - registered org.apache.cxf:bus.id=openejb.cxf.bus,type=Bus,instance.id=1466148437
[main] INFO com.sap.cloud.sdk.cloudplatform.cache.CacheManager - Successfully invalidated roughly 0 entries in 0 caches.
Sep 02, 2021 6:09:52 PM org.apache.openejb.util.JarExtractor extract
INFO: Extracting jar: /home/serkanaksut/git/abapbuildcld/integration-tests/target/surefire-fork/1/arquillian-tomee-working-dir/0/0c5a039d-8d7f-45a8-9bb1-9d4fa97fe5d0.war
Sep 02, 2021 6:09:52 PM org.apache.openejb.util.JarExtractor extract
INFO: Extracted path: /home/serkanaksut/git/abapbuildcld/integration-tests/target/surefire-fork/1/arquillian-tomee-working-dir/0/0c5a039d-8d7f-45a8-9bb1-9d4fa97fe5d0
Sep 02, 2021 6:09:52 PM org.apache.tomee.catalina.TomcatWebAppBuilder deployWebApps
INFO: using default host: localhost
Sep 02, 2021 6:09:52 PM org.apache.tomee.catalina.TomcatWebAppBuilder init
INFO: ------------------------- localhost -> /0c5a039d-8d7f-45a8-9bb1-9d4fa97fe5d0
Sep 02, 2021 6:09:52 PM org.apache.openejb.util.OptionsLog info
INFO: Using 'openejb.session.manager=org.apache.tomee.catalina.session.QuickSessionManager'
Sep 02, 2021 6:09:52 PM org.apache.openejb.config.ConfigurationFactory configureApplication
INFO: Configuring enterprise application: /home/serkanaksut/git/abapbuildcld/integration-tests/target/surefire-fork/1/arquillian-tomee-working-dir/0/0c5a039d-8d7f-45a8-9bb1-9d4fa97fe5d0
[main] INFO com.sap.cloud.sdk.cloudplatform.cache.CacheManager - Successfully invalidated roughly 0 entries in 0 caches.
Sep 02, 2021 6:09:53 PM org.apache.openejb.config.ConfigurationFactory configureService
INFO: Configuring Service(id=Default Managed Container, type=Container, provider-id=Default Managed Container)
Sep 02, 2021 6:09:53 PM org.apache.openejb.config.AutoConfig createContainer
INFO: Auto-creating a container for bean 0c5a039d-8d7f-45a8-9bb1-9d4fa97fe5d0.Comp218903976: Container(type=MANAGED, id=Default Managed Container)
Sep 02, 2021 6:09:53 PM org.apache.openejb.assembler.classic.Assembler createRecipe
INFO: Creating Container(id=Default Managed Container)
Sep 02, 2021 6:09:53 PM org.apache.openejb.core.managed.SimplePassivater init
INFO: Using directory /tmp for stateful session passivation
Sep 02, 2021 6:09:53 PM org.apache.openejb.config.AppInfoBuilder build
INFO: Enterprise application "/home/serkanaksut/git/abapbuildcld/integration-tests/target/surefire-fork/1/arquillian-tomee-working-dir/0/0c5a039d-8d7f-45a8-9bb1-9d4fa97fe5d0" loaded.
Sep 02, 2021 6:09:53 PM org.apache.openejb.assembler.classic.Assembler createApplication
INFO: Assembling app: /home/serkanaksut/git/abapbuildcld/integration-tests/target/surefire-fork/1/arquillian-tomee-working-dir/0/0c5a039d-8d7f-45a8-9bb1-9d4fa97fe5d0
Sep 02, 2021 6:09:53 PM org.apache.openejb.cdi.CdiBuilder initSingleton
INFO: Existing thread singleton service in SystemInstance(): org.apache.openejb.cdi.ThreadSingletonServiceImpl@4c1d59cd
Sep 02, 2021 6:09:53 PM org.apache.openejb.cdi.OpenEJBLifecycle startApplication
INFO: OpenWebBeans Container is starting...
Sep 02, 2021 6:09:53 PM org.apache.webbeans.plugins.PluginLoader startUp
INFO: Adding OpenWebBeansPlugin : [CdiPlugin]
Sep 02, 2021 6:09:53 PM org.apache.webbeans.config.BeansDeployer validateInjectionPoints
INFO: All injection points were validated successfully.
Sep 02, 2021 6:09:53 PM org.apache.openejb.cdi.OpenEJBLifecycle startApplication
INFO: OpenWebBeans Container has started, it took 238 ms.
Sep 02, 2021 6:09:53 PM org.apache.openejb.assembler.classic.Assembler createApplication
INFO: Deployed Application(path=/home/serkanaksut/git/abapbuildcld/integration-tests/target/surefire-fork/1/arquillian-tomee-working-dir/0/0c5a039d-8d7f-45a8-9bb1-9d4fa97fe5d0)
Sep 02, 2021 6:09:53 PM org.apache.jasper.servlet.TldScanner scanJars
INFO: At least one JAR was scanned for TLDs yet contained no TLDs. Enable debug logging for this logger for a complete list of JARs that were scanned but no TLDs were found in them. Skipping unneeded JARs during scanning can improve startup time and JSP compilation time.
[http-nio-41083-exec-1] WARN com.sap.cloud.sdk.cloudplatform.security.DefaultAuthTokenFacade - Could not find any XSUAA service bindings.
[http-nio-41083-exec-1] INFO com.zorlu.cloud.sdk.abap.HelloWorldServlet - I am running!
]]></system-err>
  </testcase>
</testsuite>